L 03/20/2019 - 17:12:11: -------- Mapchange to de_dust2_2x2 --------
L 03/20/2019 - 17:12:24: [admin.amxx] Login: "naz<1><STEAM_ID_LAN><>" became an admin (account "naz") (access "abcdefghijklmnopqrstu") (address "loopback")
L 03/20/2019 - 17:12:28: [admin.amxx] Login: "naz<1><STEAM_ID_LAN><>" became an admin (account "naz") (access "abcdefghijklmnopqrstu") (address "loopback")
L 03/20/2019 - 17:12:55: -------- Mapchange to $2000$ --------
L 03/20/2019 - 17:12:56: [admin.amxx] Login: "naz<2><STEAM_ID_LAN><>" became an admin (account "naz") (access "abcdefghijklmnopqrstu") (address "loopback")
L 03/20/2019 - 17:12:57: [admin.amxx] Login: "naz<2><STEAM_ID_LAN><>" became an admin (account "naz") (access "abcdefghijklmnopqrstu") (address "loopback")
L 03/20/2019 - 17:24:49: -------- Mapchange to de_dust2_2x2 --------
L 03/20/2019 - 17:24:50: [admin.amxx] Login: "naz<2><STEAM_ID_LAN><>" became an admin (account "naz") (access "abcdefghijklmnopqrstu") (address "loopback")
L 03/20/2019 - 17:24:51: [admin.amxx] Login: "naz<2><STEAM_ID_LAN><>" became an admin (account "naz") (access "abcdefghijklmnopqrstu") (address "loopback")
L 03/20/2019 - 17:33:39: -------- Mapchange to de_train --------
L 03/20/2019 - 17:33:40: [admin.amxx] Login: "naz<11><STEAM_ID_LAN><>" became an admin (account "naz") (access "abcdefghijklmnopqrstu") (address "loopback")
L 03/20/2019 - 17:33:41: [admin.amxx] Login: "naz<11><STEAM_ID_LAN><>" became an admin (account "naz") (access "abcdefghijklmnopqrstu") (address "loopback")
L 03/20/2019 - 17:33:56: -------- Mapchange to de_train --------
L 03/20/2019 - 17:33:57: [admin.amxx] Login: "naz<12><STEAM_ID_LAN><>" became an admin (account "naz") (access "abcdefghijklmnopqrstu") (address "loopback")
L 03/20/2019 - 17:33:58: [admin.amxx] Login: "naz<12><STEAM_ID_LAN><>" became an admin (account "naz") (access "abcdefghijklmnopqrstu") (address "loopback")
L 03/20/2019 - 17:34:55: -------- Mapchange to de_train --------
L 03/20/2019 - 17:34:56: [admin.amxx] Login: "naz<16><STEAM_ID_LAN><>" became an admin (account "naz") (access "abcdefghijklmnopqrstu") (address "loopback")
L 03/20/2019 - 17:34:57: [admin.amxx] Login: "naz<16><STEAM_ID_LAN><>" became an admin (account "naz") (access "abcdefghijklmnopqrstu") (address "loopback")
L 03/20/2019 - 17:43:25: -------- Mapchange to de_train --------
L 03/20/2019 - 17:43:26: [admin.amxx] Login: "naz<36><STEAM_ID_LAN><>" became an admin (account "naz") (access "abcdefghijklmnopqrstu") (address "loopback")
L 03/20/2019 - 17:43:27: [admin.amxx] Login: "naz<36><STEAM_ID_LAN><>" became an admin (account "naz") (access "abcdefghijklmnopqrstu") (address "loopback")
L 03/20/2019 - 17:44:00: -------- Mapchange to de_dust --------
L 03/20/2019 - 17:44:01: [admin.amxx] Login: "naz<49><STEAM_ID_LAN><>" became an admin (account "naz") (access "abcdefghijklmnopqrstu") (address "loopback")
L 03/20/2019 - 17:44:02: [admin.amxx] Login: "naz<49><STEAM_ID_LAN><>" became an admin (account "naz") (access "abcdefghijklmnopqrstu") (address "loopback")
L 03/20/2019 - 17:45:04: -------- Mapchange to de_dust --------
L 03/20/2019 - 17:45:05: [admin.amxx] Login: "naz<51><STEAM_ID_LAN><>" became an admin (account "naz") (access "abcdefghijklmnopqrstu") (address "loopback")
L 03/20/2019 - 17:45:07: [admin.amxx] Login: "naz<51><STEAM_ID_LAN><>" became an admin (account "naz") (access "abcdefghijklmnopqrstu") (address "loopback")
L 03/20/2019 - 17:47:29: -------- Mapchange to de_dust --------
L 03/20/2019 - 17:47:30: [admin.amxx] Login: "naz<68><STEAM_ID_LAN><>" became an admin (account "naz") (access "abcdefghijklmnopqrstu") (address "loopback")
L 03/20/2019 - 17:47:31: [admin.amxx] Login: "naz<68><STEAM_ID_LAN><>" became an admin (account "naz") (access "abcdefghijklmnopqrstu") (address "loopback")
