L 03/14/2019 - 19:51:06: -------- Mapchange to $2000$ --------
L 03/14/2019 - 19:51:15: [admin.amxx] Login: "naz<1><STEAM_ID_LAN><>" became an admin (account "naz") (access "abcdefghijklmnopqrstu") (address "loopback")
L 03/14/2019 - 19:51:17: [admin.amxx] Login: "naz<1><STEAM_ID_LAN><>" became an admin (account "naz") (access "abcdefghijklmnopqrstu") (address "loopback")
L 03/14/2019 - 19:58:02: -------- Mapchange to de_dust2_2x2 --------
L 03/14/2019 - 19:58:03: [admin.amxx] Login: "naz<1><STEAM_ID_LAN><>" became an admin (account "naz") (access "abcdefghijklmnopqrstu") (address "loopback")
L 03/14/2019 - 19:58:04: [admin.amxx] Login: "naz<1><STEAM_ID_LAN><>" became an admin (account "naz") (access "abcdefghijklmnopqrstu") (address "loopback")
L 03/14/2019 - 20:30:11: -------- Mapchange to de_dust2_2x2 --------
L 03/14/2019 - 20:30:23: [admin.amxx] Login: "naz<1><STEAM_ID_LAN><>" became an admin (account "naz") (access "abcdefghijklmnopqrstu") (address "loopback")
L 03/14/2019 - 20:30:26: [admin.amxx] Login: "naz<1><STEAM_ID_LAN><>" became an admin (account "naz") (access "abcdefghijklmnopqrstu") (address "loopback")
L 03/14/2019 - 21:01:48: -------- Mapchange to cs_mansion --------
L 03/14/2019 - 21:01:49: [admin.amxx] Login: "naz<1><STEAM_ID_LAN><>" became an admin (account "naz") (access "abcdefghijklmnopqrstu") (address "loopback")
L 03/14/2019 - 21:01:50: [admin.amxx] Login: "naz<1><STEAM_ID_LAN><>" became an admin (account "naz") (access "abcdefghijklmnopqrstu") (address "loopback")
L 03/14/2019 - 21:02:27: -------- Mapchange to cs_mansion --------
L 03/14/2019 - 21:02:28: [admin.amxx] Login: "naz<7><STEAM_ID_LAN><>" became an admin (account "naz") (access "abcdefghijklmnopqrstu") (address "loopback")
L 03/14/2019 - 21:02:29: [admin.amxx] Login: "naz<7><STEAM_ID_LAN><>" became an admin (account "naz") (access "abcdefghijklmnopqrstu") (address "loopback")
L 03/14/2019 - 21:04:00: -------- Mapchange to de_cbble --------
L 03/14/2019 - 21:04:01: [admin.amxx] Login: "naz<7><STEAM_ID_LAN><>" became an admin (account "naz") (access "abcdefghijklmnopqrstu") (address "loopback")
L 03/14/2019 - 21:04:02: [admin.amxx] Login: "naz<7><STEAM_ID_LAN><>" became an admin (account "naz") (access "abcdefghijklmnopqrstu") (address "loopback")
L 03/14/2019 - 21:06:20: -------- Mapchange to de_cbble --------
L 03/14/2019 - 21:06:21: [admin.amxx] Login: "naz<12><STEAM_ID_LAN><>" became an admin (account "naz") (access "abcdefghijklmnopqrstu") (address "loopback")
L 03/14/2019 - 21:06:22: [admin.amxx] Login: "naz<12><STEAM_ID_LAN><>" became an admin (account "naz") (access "abcdefghijklmnopqrstu") (address "loopback")
